
VEO3 ONE-SHOT
  Imagem : canais\sinais-do-fim\videos\video-014-arrebatamento\6-assets\Q04.png (637 KB)
  Output : canais\sinais-do-fim\videos\video-014-arrebatamento\6-assets\veo3\VEO_Q04.mp4
  Model  : veo-3.1-fast-generate-preview
  Duracao: 8s | 1080p | 16:9 | sem audio
  Prompt : Cinematic silent slow motion. Wide frontal shot of a residential front door slightly ajar at night. Gentle breeze moves ...

Chamando Veo3 API...
Operation: models/veo-3.1-fast-generate-preview/operations/hb90darqde9e
Aguardando geracao (2-5 min)...
  Aguardando... 10s
  Aguardando... 20s
  Aguardando... 30s
  Aguardando... 40s
  Aguardando... 50s
  Aguardando... 60s
  Aguardando... 70s
  Aguardando... 80s
  Aguardando... 90s
  URI: https://generativelanguage.googleapis.com/v1beta/files/vtmthrnnd6q7:download?alt...
  Baixando...
  Removendo audio...

[OK] canais\sinais-do-fim\videos\video-014-arrebatamento\6-assets\veo3\VEO_Q04.mp4 (7.4 MB)
[CUSTO ESTIMADO] ~$0.08 (5s Fast)
