
VEO3 ONE-SHOT
  Imagem : canais\sinais-do-fim\videos\video-014-arrebatamento\6-assets\Q03.png (787 KB)
  Output : canais\sinais-do-fim\videos\video-014-arrebatamento\6-assets\veo3\VEO_Q03.mp4
  Model  : veo-3.1-fast-generate-preview
  Duracao: 8s | 1080p | 16:9 | sem audio
  Prompt : Cinematic silent slow motion. Overhead 90-degree shot of a dark wooden table with car keys, folded paper document, stack...

Chamando Veo3 API...
Operation: models/veo-3.1-fast-generate-preview/operations/z7w5841i5llf
Aguardando geracao (2-5 min)...
  Aguardando... 10s
  Aguardando... 20s
  Aguardando... 30s
  Aguardando... 40s
  Aguardando... 50s
  Aguardando... 60s
  Aguardando... 70s
  Aguardando... 80s
  Aguardando... 90s
  Aguardando... 100s
  URI: https://generativelanguage.googleapis.com/v1beta/files/p8dqg31y2snr:download?alt...
  Baixando...
  Removendo audio...

[OK] canais\sinais-do-fim\videos\video-014-arrebatamento\6-assets\veo3\VEO_Q03.mp4 (10.5 MB)
[CUSTO ESTIMADO] ~$0.08 (5s Fast)
