
============================================================
MONTAGEM v2 — video-015 — PARTE 1
Quadros: Q01-Q11 (11 clips)
============================================================

[1/3] Renderizando 11 clips individuais em C:\Users\Leandro\AppData\Local\Temp\montagem_p1_9yoikzle...
  [1/11] Q01: PNG -> KenBurns(zoom_in) + grade
  [2/11] Q02: VEO3 -> ffmpeg grade+vignette
  [3/11] Q03: VEO3 -> ffmpeg grade+vignette
  [4/11] Q04: VEO3 -> ffmpeg grade+vignette
  [5/11] Q05: VEO3 -> ffmpeg grade+vignette
  [6/11] Q06: VEO3 -> ffmpeg grade+vignette
  [7/11] Q07: VEO3 -> ffmpeg grade+vignette
  [8/11] Q08: VEO3 -> ffmpeg grade+vignette
  [9/11] Q09: PNG -> KenBurns(pan_right) + grade
  [10/11] Q10: VEO3 -> ffmpeg grade+vignette
  [11/11] Q11: PNG -> KenBurns(zoom_in) + grade

[2/3] Concatenando 11 clips com xfade 0.5s...
  Duracao total: 83.0s

[3/3] Mixando audio (narracao + trilha vol=0.22)...

[OK] parte_01.mp4 (60.6 MB)
     Caminho: C:\Users\Leandro\Downloads\agencia\canais\sinais-do-fim\videos\video-015-economist-manipulacao\7-edicao\partes\parte_01.mp4
