============================================================
PROMETHEUS — video-020-1984-daniel
Ken Burns dinâmico (cap 6s) + 4 clips Veo3 + xfade
============================================================
[08:36:48] Imagens: 60
[08:36:48] Partes de áudio: 5
[08:36:48] Distribuição: [12, 12, 12, 12, 12] quadros por parte
[08:36:48] 
=== PARTE 1/5: PARTE1.mp3 ===
[08:36:48]   Quadros: 12 (0 Veo3 + 19 imgs x 5.7s)
[08:36:48]   Audio: 108.4s | Veo3 total: 0.0s | Imgs: 108.4s
[08:36:52]     [5/12] clips gerados...
[08:36:56]     [10/12] clips gerados...
[08:38:49]   OK -> video_parte01.mp4 (68 MB)
[08:38:49] 
=== PARTE 2/5: PARTE2.mp3 ===
[08:38:49]   Quadros: 12 (0 Veo3 + 21 imgs x 5.8s)
[08:38:49]   Audio: 121.7s | Veo3 total: 0.0s | Imgs: 121.7s
[08:38:53]     [5/12] clips gerados...
[08:38:57]     [10/12] clips gerados...
[08:41:14]   OK -> video_parte02.mp4 (58 MB)
[08:41:14] 
=== PARTE 3/5: PARTE3.mp3 ===
[08:41:14]   Quadros: 12 (0 Veo3 + 22 imgs x 5.8s)
[08:41:14]   Audio: 128.3s | Veo3 total: 0.0s | Imgs: 128.3s
[08:41:19]     [5/12] clips gerados...
[08:41:23]     [10/12] clips gerados...
[08:43:56]   OK -> video_parte03.mp4 (62 MB)
[08:43:56] 
=== PARTE 4/5: PARTE4.mp3 ===
[08:43:56]   Quadros: 12 (0 Veo3 + 22 imgs x 5.8s)
[08:43:56]   Audio: 127.8s | Veo3 total: 0.0s | Imgs: 127.8s
[08:44:01]     [5/12] clips gerados...
[08:44:05]     [10/12] clips gerados...
[08:46:33]   OK -> video_parte04.mp4 (58 MB)
[08:46:33] 
=== PARTE 5/5: PARTE5.mp3 ===
[08:46:33]   Quadros: 12 (0 Veo3 + 22 imgs x 5.7s)
[08:46:33]   Audio: 126.2s | Veo3 total: 0.0s | Imgs: 126.2s
[08:46:37]     [5/12] clips gerados...
[08:46:41]     [10/12] clips gerados...
[08:49:10]   OK -> video_parte05.mp4 (62 MB)
[08:49:10] 
============================================================
[08:49:10] CONCLUÍDO! 5 vídeos em:
[08:49:10]   C:\Users\Leandro\Downloads\agencia\canais\sinais-do-fim\videos\video-020-1984-daniel\7-edicao\partes
[08:49:10]   video_parte01.mp4 — 68 MB
[08:49:10]   video_parte02.mp4 — 58 MB
[08:49:10]   video_parte03.mp4 — 62 MB
[08:49:10]   video_parte04.mp4 — 58 MB
[08:49:10]   video_parte05.mp4 — 62 MB
[08:49:10] ============================================================
