============================================================
PROMETHEUS — video-020-1984-daniel
Ken Burns dinâmico (cap 6s) + 4 clips Veo3 + xfade
============================================================
[17:17:24] Imagens: 60
[17:17:24] Partes de áudio: 5
[17:17:24] Distribuiçăo: [12, 12, 12, 12, 12] quadros por parte
[17:17:24] 
=== PARTE 5/5: PARTE5.mp3 ===
[17:17:24]   Quadros: 12 (0 Veo3 + 35 imgs x 6.0s)
[17:17:24]   Audio: 209.9s | Veo3 total: 0.0s | Imgs: 209.9s
[17:17:38]     [5/12] clips gerados...
[17:17:51]     [10/12] clips gerados...
[17:20:51]   Extras: 27 clips adicionais | eff_dur=211.2s >= target=210.7s
[17:37:00]   OK -> video_parte05.mp4 (129 MB)
[17:37:00] 
============================================================
[17:37:00] CONCLUÍDO! 5 vídeos em:
[17:37:00]   C:\Users\Leandro\Downloads\agencia\canais\sinais-do-fim\videos\video-012-ia-apocalipse\7-edicao\partes
[17:37:00]   video_parte01.mp4 — 79 MB
[17:37:00]   video_parte02.mp4 — 73 MB
[17:37:00]   video_parte03.mp4 — 115 MB
[17:37:00]   video_parte04.mp4 — 100 MB
[17:37:00]   video_parte05.mp4 — 129 MB
[17:37:00] ============================================================
