
============================================================
MONTAGEM v2 — video-015 — PARTE 8
Quadros: Q78-Q88 (11 clips)
Audio: parte8.mp3 = 107.72s
Duracoes por clip: ['8.00s', '8.00s', '8.00s', '8.00s', '8.00s', '8.00s', '8.00s', '8.00s', '8.00s', '8.00s', '32.72s']
Total visivel (com xfade): 107.72s
============================================================

[1/3] Renderizando 11 clips individuais em C:\Users\Leandro\AppData\Local\Temp\montagem_p8_oc2rsqr4...
  [1/11] Q78: VEO3 -> ffmpeg grade+vignette | 8.00s
  [2/11] Q79: PNG -> KenBurns(zoom_in) | 8.00s
  [3/11] Q80: VEO3 -> ffmpeg grade+vignette | 8.00s
  [4/11] Q81: PNG -> KenBurns(zoom_in) | 8.00s
  [5/11] Q82: PNG -> KenBurns(zoom_in_extreme) | 8.00s
  [6/11] Q83: PNG -> KenBurns(pan_right) | 8.00s
  [7/11] Q84: PNG -> KenBurns(zoom_out) | 8.00s
  [8/11] Q85: PNG -> KenBurns(pan_left) | 8.00s
  [9/11] Q86: PNG -> KenBurns(zoom_in) | 8.00s
  [10/11] Q87: PNG -> KenBurns(pan_right) | 8.00s
  [11/11] Q88: PNG -> KenBurns(zoom_out) | 32.72s

[2/3] Concatenando 11 clips com xfade 0.5s...
  Duracao total do video: 107.72s | audio: 107.72s

[3/3] Mixando audio (narracao + trilha vol=0.22)...

[OK] parte_08.mp4 (77.8 MB)
     Caminho: C:\Users\Leandro\Downloads\agencia\canais\sinais-do-fim\videos\video-015-economist-manipulacao\7-edicao\partes\parte_08.mp4
