
============================================================
MONTAGEM v2 — video-015 — PARTE 2
Quadros: Q12-Q22 (11 clips)
Audio: parte2.mp3 = 92.36s
Duracoes por clip: ['8.00s', '8.00s', '8.00s', '8.00s', '8.00s', '8.00s', '8.00s', '8.00s', '8.00s', '8.00s', '17.36s']
Total visivel (com xfade): 92.36s
============================================================

[1/3] Renderizando 11 clips individuais em C:\Users\Leandro\AppData\Local\Temp\montagem_p2_8ou3n479...
  [1/11] Q12: PNG -> KenBurns(pan_left) | 8.00s
  [2/11] Q13: PNG -> KenBurns(zoom_out) | 8.00s
  [3/11] Q14: PNG -> KenBurns(zoom_in) | 8.00s
  [4/11] Q15: PNG -> KenBurns(pan_left) | 8.00s
  [5/11] Q16: PNG -> KenBurns(zoom_in) | 8.00s
  [6/11] Q17: PNG -> KenBurns(zoom_in_extreme) | 8.00s
  [7/11] Q18: PNG -> KenBurns(pan_right) | 8.00s
  [8/11] Q19: PNG -> KenBurns(zoom_out) | 8.00s
  [9/11] Q20: PNG -> KenBurns(pan_left) | 8.00s
  [10/11] Q21: VEO3 -> ffmpeg grade+vignette | 8.00s
  [11/11] Q22: PNG -> KenBurns(pan_right) | 17.36s

[2/3] Concatenando 11 clips com xfade 0.5s...
  Duracao total do video: 92.36s | audio: 92.36s

[3/3] Mixando audio (narracao + trilha vol=0.22)...

[OK] parte_02.mp4 (69.0 MB)
     Caminho: C:\Users\Leandro\Downloads\agencia\canais\sinais-do-fim\videos\video-015-economist-manipulacao\7-edicao\partes\parte_02.mp4
