============================================================
PROMETHEUS — video-020-1984-daniel
Ken Burns dinâmico (cap 6s) + 4 clips Veo3 + xfade
============================================================
[10:01:55] Imagens: 90
[10:01:55] Partes de áudio: 5
[10:01:55] Distribuiçăo: [18, 18, 18, 18, 18] quadros por parte
[10:01:55] 
=== PARTE 1/5: PARTE1.mp3 ===
[10:01:55]   Quadros: 18 (0 Veo3 + 19 imgs x 5.7s)
[10:01:55]   Audio: 108.4s | Veo3 total: 0.0s | Imgs: 108.4s
[10:02:00]     [5/18] clips gerados...
[10:02:05]     [10/18] clips gerados...
[10:02:09]     [15/18] clips gerados...
[10:02:17]   Extras: 2 clips adicionais | eff_dur=112.4s >= target=109.2s
[10:06:33]   OK -> video_parte01.mp4 (66 MB)
[10:06:33] 
=== PARTE 2/5: PARTE2.mp3 ===
[10:06:33]   Quadros: 18 (0 Veo3 + 21 imgs x 5.8s)
[10:06:33]   Audio: 121.7s | Veo3 total: 0.0s | Imgs: 121.7s
[10:06:39]     [5/18] clips gerados...
[10:06:49]     [10/18] clips gerados...
[10:06:59]     [15/18] clips gerados...
[10:07:25]   Extras: 6 clips adicionais | eff_dur=126.6s >= target=122.5s
[10:12:19]   OK -> video_parte02.mp4 (65 MB)
[10:12:19] 
=== PARTE 3/5: PARTE3.mp3 ===
[10:12:19]   Quadros: 18 (0 Veo3 + 22 imgs x 5.8s)
[10:12:19]   Audio: 128.3s | Veo3 total: 0.0s | Imgs: 128.3s
[10:12:27]     [5/18] clips gerados...
[10:12:36]     [10/18] clips gerados...
[10:12:41]     [15/18] clips gerados...
[10:12:59]   Extras: 7 clips adicionais | eff_dur=132.6s >= target=129.1s
[10:18:12]   OK -> video_parte03.mp4 (69 MB)
[10:18:12] 
=== PARTE 4/5: PARTE4.mp3 ===
[10:18:12]   Quadros: 18 (0 Veo3 + 22 imgs x 5.8s)
[10:18:12]   Audio: 127.8s | Veo3 total: 0.0s | Imgs: 127.8s
[10:18:24]     [5/18] clips gerados...
[10:18:32]     [10/18] clips gerados...
[10:18:43]     [15/18] clips gerados...
[10:19:17]   Extras: 7 clips adicionais | eff_dur=132.0s >= target=128.6s
[10:24:20]   OK -> video_parte04.mp4 (66 MB)
[10:24:20] 
=== PARTE 5/5: PARTE5.mp3 ===
[10:24:20]   Quadros: 18 (0 Veo3 + 22 imgs x 5.7s)
[10:24:20]   Audio: 126.2s | Veo3 total: 0.0s | Imgs: 126.2s
[10:24:33]     [5/18] clips gerados...
[10:24:45]     [10/18] clips gerados...
[10:24:55]     [15/18] clips gerados...
[10:25:33]   Extras: 7 clips adicionais | eff_dur=130.8s >= target=127.0s
[10:28:40]   OK -> video_parte05.mp4 (72 MB)
[10:28:40] 
============================================================
[10:28:40] CONCLUÍDO! 5 vídeos em:
[10:28:40]   C:\Users\Leandro\Downloads\agencia\canais\sinais-do-fim\videos\video-020-1984-daniel\7-edicao\partes
[10:28:40]   video_parte01.mp4 — 68 MB
[10:28:40]   video_parte02.mp4 — 62 MB
[10:28:40]   video_parte03.mp4 — 71 MB
[10:28:40]   video_parte04.mp4 — 66 MB
[10:28:40]   video_parte05.mp4 — 72 MB
[10:28:40] ============================================================
