============================================================
CARONTE — video-011-nefilim | Sinais do Fim
============================================================
[OK] Video: 3350 MB
[OK] Thumbnail: 1020 KB
[AVISO] ADR-008 SKIP autorizado por Snayder — MP4 final editado no CapCut
[OK] Titulo: Nefilim: o DNA que Deus apagou foi recriado em 2018
[OK] Descricao: 856 chars
[OK] Chapters: 12 encontrados
[OK] Tags: 423 chars
Please visit this URL to authorize this application: https://accounts.google.com/o/oauth2/auth?response_type=code&client_id=1019075949095-lemvt3g6c9uu8l0pj0infr4kk35sm0di.apps.googleusercontent.com&redirect_uri=http%3A%2F%2Flocalhost%3A60528%2F&scope=https%3A%2F%2Fwww.googleapis.com%2Fauth%2Fyoutube.upload+https%3A%2F%2Fwww.googleapis.com%2Fauth%2Fyoutube&state=no2bmJM86spWj81aATBiuCHhzWvj7C&code_challenge=bs9hQLVeS1NtwRA5xvoXMMqeyBcyRd2UqROfYGoKdtk&code_challenge_method=S256&access_type=offline
[OK] Autenticado no YouTube
[CARONTE] Iniciando upload (3.4 GB — pode demorar)...
[UPLOAD] 7%
[UPLOAD] 15%
[UPLOAD] 22%
[UPLOAD] 30%
[UPLOAD] 38%
[UPLOAD] 45%
[UPLOAD] 53%
[UPLOAD] 61%
[UPLOAD] 68%
[UPLOAD] 76%
[UPLOAD] 84%
[UPLOAD] 91%
[UPLOAD] 99%
[OK] Video ID: slenJkWMzjw
[OK] Thumb comprimida (qualidade 95%)
[OK] Thumbnail definida
[OK] Descricao + chapters atualizados
[OK] Status salvo

============================================================
CONCLUIDO — https://youtube.com/watch?v=slenJkWMzjw
STATUS: PRIVATE — aguardando Snayder para publicar
============================================================
