C:\Users\Leandro\AppData\Local\Programs\Python\Python313\Lib\site-packages\whisper\transcribe.py:132: UserWarning: FP16 is not supported on CPU; using FP32 instead
  warnings.warn("FP16 is not supported on CPU; using FP32 instead")
[00:00.000 --> 00:12.200]  Em 1949, um jornalista tuberculoso terminou o livro mais perturbador do século 7 meses depois estava morto.
[00:12.200 --> 00:20.600]  O que ninguém te contou é que tudo que ele escreveu já estava na Bíblia, 2.500 anos antes.
[00:20.600 --> 00:26.400]  Seu nome real era Eric Arthur Blair, o mundo conhece como George Orwell.
[00:26.400 --> 00:28.400]  Ele não escreveu ficção.
[00:28.400 --> 00:38.400]  Escreveu um aviso e esse aviso chegou tarde, porque o profeto original tinha escrito mesmo aviso no século 6 antes de Cristo.
[00:38.400 --> 00:48.400]  1947, Orwell está sozinho numa ilha remota da Escócia chamada Jura tuberculose consumindo os pulmões,
[00:48.400 --> 01:01.400]  dedos tremendo sobre a máquina de escrever. Ele acaba de sair da guerra se viu espanhola, vira camaradas desaparecerem, vira história ser rescrito enquanto ainda acontecia.
[01:01.400 --> 01:06.400]  O que ele escreveu naquela ilha não era imaginação, era memória.
[01:06.400 --> 01:11.400]  A guerra é paz, a liberdade é escravidão, a ignorância força.
[01:11.400 --> 01:18.400]  Três frases no fronte espiço do Ministério da Verdade Orwell chamou de dupli pensar.
[01:18.400 --> 01:25.400]  Mais 2.700 anos antes, outro homem já tinha escrito sobre isso e saía cinco vinte.
[01:25.400 --> 01:31.400]  Eric dos que chamam ao mal bem e ao bem mal, que convertem as trevas em luz e a luz em trevas.
[01:31.400 --> 01:37.400]  Isaias não estava descrevendo o futuro de Orwell, estava descrevendo o mesmo sistema.
[01:37.400 --> 01:43.400]  Mas o profeta que deu as coordenadas exatas do sistema que Orwell apenas nomeou foi Daniel.
[00:00.000 --> 00:11.000]  Daniel não era filósofo, era prisioneiro deportado da Chudeia para Babilônia no século sexto antes de Cristo.
[00:11.000 --> 00:19.000]  Serviu na corte de Nabucodonosor de Belsazados peças, viu de dentro como poder funciona.
[00:19.000 --> 00:25.000]  E nas visões da noite, Daniel viu algo que o deixou prostrado.
[00:25.000 --> 00:36.000]  Daniel sete sete, depois disso, olhei nas visões da noite e ex-acuarta besta terrível, espantose e muito forte.
[00:36.000 --> 00:41.000]  Tinha grandes dentes de ferro devorável e fazim pedaços.
[00:41.000 --> 00:49.000]  Quatro bestas, quatro impérios, a quarta diferente de todas as outras algo sem precedente na história ou na natureza.
[00:49.000 --> 00:52.000]  Mas o detalhe que interessa não é a besta.
[00:52.000 --> 00:54.000]  É o que ela faz.
[00:56.000 --> 01:06.000]  Daniel sete, vinte e cinco, e falará palavras contra o altíssimo, e esgotará os santos do altíssimo e cuidará em mudar os tempos e a lei.
[01:06.000 --> 01:16.000]  Três ações específicas, três características do sistema final e as três estão em 1984 com precisão cirurgica.
[01:16.000 --> 01:20.000]  Primeiro, falará palavras contra o altíssimo no romance.
[01:20.000 --> 01:27.000]  A primeira coisa que o partido faz é declarar que Deus não existe e quem pensa diferente, comete, creme ideia.
[01:27.000 --> 01:42.000]  Segundo, cuidará em mudar os tempos no Ministério da Verdade, a função diária apagar registros históricos, jornais destruídos, fotografias, alteradas, pessoas apagadas, tornam-se não pessoas como se jamais tivessem nascido.
[01:42.000 --> 01:49.000]  Terceiro, mudar a lei o partido não tem código jurídico publicado. A lei é o que o partido diz que é.
[01:49.000 --> 01:54.000]  Hoje, amanhã pode ser outra coisa. Ninguém sabe onde está o limite.
[01:57.000 --> 01:59.000]  Você já sentiu isso?
[00:00.000 --> 00:11.000]  Mas a passagem mais assustadora não é Daniel 725, é 2 Tessalonis 1029.
[00:11.000 --> 00:18.000]  Paulo escreve para a igreja de Tessalonica sobre o que acontecerá antes do fim.
[00:18.000 --> 00:22.000]  E ele escreve algo que parece impossível.
[00:22.000 --> 00:26.000]  Até você entender o duplipensar de Orwell.
[00:27.000 --> 00:34.000]  Aquele cuja vinda é segundo a eficácia de Satanás, com todo o poder e sinais e prodígios de mentira.
[00:34.000 --> 00:37.000]  Por isso, Deus lhes enviará uma operação de erro.
[00:37.000 --> 00:40.000]  Para que creiam na mentira.
[00:40.000 --> 00:45.000]  Operação de erro é a expressão em grego, energia e planes.
[00:45.000 --> 00:51.000]  Uma atividade ativa de engano, não passiva, uma operação deliberada, sistemática.
[00:51.000 --> 00:55.000]  Para fazer as pessoas acreditar em algo que sabem ser falso.
[00:57.000 --> 01:01.000]  Exatamente isso que Orwell descreveu como duplipensar.
[01:01.000 --> 01:03.000]  Saber e não saber.
[01:03.000 --> 01:09.000]  Está consciente da completa veracidade, enquanto conta mentiras cuidadosamente elaboradas.
[01:09.000 --> 01:14.000]  Mantere simultaneamente duas opiniões que se anulam mutuamente.
[01:14.000 --> 01:19.000]  O Ministério da Verdade não engana as pessoas dando-les informações falsas.
[01:19.000 --> 01:23.000]  Ele estreina para saber em quem informação é falsa.
[01:23.000 --> 01:26.000]  A acreditar em ela de qualquer maneira.
[01:26.000 --> 01:28.000]  A ouro não estava fazendo metáfora.
[01:28.000 --> 01:33.000]  Estava descrevendo a mecânica de um sistema e Orwell, que se declarava agnóstico.
[01:33.000 --> 01:38.000]  Chegou a mesma descrição mecânica, dois homens, dois milênios de distância.
[01:38.000 --> 01:40.000]  A mesma engrenagem.
[01:41.000 --> 01:46.000]  O partido de 1900 e 84 tem quatro ministérios.
[01:46.000 --> 01:48.000]  Ministério da paz, cuida da guerra.
[01:48.000 --> 01:52.000]  A Ministério da Abundância de Ministras, 16 ministérios do Amor.
[01:52.000 --> 01:56.000]  Prática tortura, a Ministério da Verdade produz mentiras.
[01:56.000 --> 01:58.000]  Cada nome é oposto da função.
[01:58.000 --> 02:00.000]  E saía cinco vinte.
[02:00.000 --> 02:03.000]  Não poderia ser mais preciso.
[00:00.000 --> 00:09.000]  Em 2024, havia 700 milhões de câmeras de vigilância na China.
[00:09.000 --> 00:12.000]  Uma câmera para cada dois habitantes.
[00:14.000 --> 00:18.000]  Isso não é ficção. É o relatório da consultoria com Paritete,
[00:18.000 --> 00:24.000]  auditado por dados governamentais chineses, 700 milhões de olhos eletrônicos
[00:24.000 --> 00:29.000]  e por trás deles, o sistema de crédito social.
[00:30.000 --> 00:33.000]  A pontuação baixa. Você não embarca no avião.
[00:33.000 --> 00:38.000]  Não matriculo o filho na escola particular. Não consegue empréstimo.
[00:38.000 --> 00:42.000]  Seu rosto é exibido em telões nas ruas.
[00:42.000 --> 00:45.000]  Isso não é Daniel 7, isso é hoje.
[00:45.000 --> 00:50.000]  Mas Daniel 7 já havia descrito arquitetura.
[00:50.000 --> 00:57.000]  Apocalipse 1316 e faz com que a todo se lespõe uma marca na mão direita ou na fronte
[00:57.000 --> 01:01.000]  e que ninguém possa comprar ou vender, senão aquele que tem a marca.
[01:01.000 --> 01:09.000]  Em 2025, fundo monetário internacional documentou 130 países em implementação
[01:09.000 --> 01:12.000]  ativa de moeda digital de banco central.
[01:12.000 --> 01:17.000]  Moeda digital de banco central. Uma moeda programável, código, código,
[01:17.000 --> 01:22.000]  que pode ter data de validade, código, que pode ser bloqueado por região,
[01:22.000 --> 01:27.000]  um código que pode ser apagado se o titular violar os termos de uso.
[01:27.000 --> 01:33.000]  O Apocalipse foi escrito no século I Daniel, no século II antes de Cristo,
[01:33.000 --> 01:37.000]  séculos antes de qualquer totalitarismo industrial antes de câmeras,
[01:37.000 --> 01:41.000]  antes de blockchain, ainda assim arquitetura está lá.
[01:42.000 --> 01:45.000]  O Instituto do Apocalipse 1884
[01:45.000 --> 01:50.000]  O Instituto do Apocalipse 1884 não tem conta bancária.
[01:50.000 --> 01:54.000]  O Partido Contróla Tudo Ações Apatamentos de Embarado,
[01:54.000 --> 01:56.000]  a marca do Apocalipse,
[01:56.000 --> 02:00.000]  senão é necessariamente tatuagem, é identificação verificável,
[02:00.000 --> 02:03.000]  é pertencimento ao sistema.
[00:00.000 --> 00:11.000]  O instant pergunta o Brian, o torturador inteligente que ele acreditava ser aliado. Existe esperança?
[00:11.000 --> 00:16.000]  O Brian responde sem exitar. Não existe.
[00:16.000 --> 00:25.000]  Dos textos dois milênios e meio de separação, a mesma resposta humana diante do sistema total,
[00:25.000 --> 00:33.000]  ninguém pode combater-lo. A diferença é que o apocalipse continua além dessa frase, o partido de Orwell não.
[00:35.000 --> 00:45.000]  Eric Blair morreu em 21 de janeiro de 1950. No universo de Colle de Hospital de Londres do Berculose, tinha 46 anos.
[00:45.000 --> 00:49.000]  O livro que o Matô estava nas livrarias há 7 meses.
[00:49.000 --> 00:54.000]  O título original era The Last Men in Europe, o último homem da Europa.
[00:54.000 --> 01:00.000]  O homem ainda sabia distinguir verdade de mentira num continente que havia perdido essa distinção.
[01:00.000 --> 01:11.000]  O editor convenceu Orwell a mudar. Ficou 1984. O ano invertido de 1948, quando o manuscrito foi concluído.
[01:12.000 --> 01:26.000]  Os manuscritos de Cumbran, descoberto entre 1947 e 56, incluem fragmentos de Daniel do século segundo antes de Cristo estão no Israel Antíquites Aldóriti.
[01:26.000 --> 01:35.000]  E ainda assim, cuidará em mudar os tempos e a lei ninguém possa comprar ou vender. Se não aquele que tem a marca, quem pode guerrear contra ela.
[01:35.000 --> 01:45.000]  Daniel viu a quarta-pestorva, ela nomeou o mundo, está construindo a infraestrutura. A questão não é se vai acontecer, a questão é o que você faz com que sabe.
[01:45.000 --> 01:53.000]  Agora, enquanto ainda escolha. Qual dos três ministérios de Orwell? Você já vê funcionando hoje.
[01:53.000 --> 01:57.000]  Verdade, paz ou amor, escreve embaixo.
